<?xml version="1.0" encoding="UTF-8"?>
<!-- Generated by org.testng.reporters.JUnitReportReporter -->
<testsuite hostname="nit-ntb-480" name="PetStore" tests="1" failures="0" timestamp="23 Dec 2014 08:49:04 GMT" time="21.832" errors="0">
  <testcase name="LaunchTest" time="21.832" classname="PetStore"/>
</testsuite> <!-- PetStore -->
